Using pre-set license
Built from '2020.3/staging' branch; Version is '2020.3.4f1 (0abb6314276a) revision 703331'; Using compiler version '192528614'; Build Type 'Release'
OS: 'Windows 10 Pro; OS build 19042.928; Version 2009; 64bit' Language: 'tr' Physical Memory: 7981 MB
BatchMode: 1, IsHumanControllingUs: 0, StartBugReporterOnCrash: 0, Is64bit: 1, IsPro: 0

 COMMAND LINE ARGUMENTS:
C:\Program Files\Unity\Hub\Editor\2020.3.4f1\Editor\Unity.exe
-adb2
-batchMode
-noUpm
-name
AssetImportWorker0
-projectPath
C:/Users/Burak/Desktop/Masaüstü/Burak/Games/Breaking Blocks
-logFile
Logs/AssetImportWorker0.log
-srvPort
58078
Successfully changed project path to: C:/Users/Burak/Desktop/Masaüstü/Burak/Games/Breaking Blocks
C:/Users/Burak/Desktop/Masaüstü/Burak/Games/Breaking Blocks
Using Asset Import Pipeline V2.
Refreshing native plugins compatible for Editor in 31.91 ms, found 1 plugins.
Preloading 0 native plugins for Editor in 0.00 ms.
Initialize engine version: 2020.3.4f1 (0abb6314276a)
[Subsystems] Discovering subsystems at path C:/Program Files/Unity/Hub/Editor/2020.3.4f1/Editor/Data/Resources/UnitySubsystems
[Subsystems] Discovering subsystems at path C:/Users/Burak/Desktop/Masaüstü/Burak/Games/Breaking Blocks/Assets
GfxDevice: creating device client; threaded=0
Direct3D:
    Version:  Direct3D 11.0 [level 11.1]
    Renderer: NVIDIA GeForce GTX 1650 Ti (ID=0x1f95)
    Vendor:   
    VRAM:     3962 MB
    Driver:   27.21.14.6589
Initialize mono
Mono path[0] = 'C:/Program Files/Unity/Hub/Editor/2020.3.4f1/Editor/Data/Managed'
Mono path[1] = 'C:/Program Files/Unity/Hub/Editor/2020.3.4f1/Editor/Data/MonoBleedingEdge/lib/mono/unityjit'
Mono config path = 'C:/Program Files/Unity/Hub/Editor/2020.3.4f1/Editor/Data/MonoBleedingEdge/etc'
Using monoOptions --debugger-agent=transport=dt_socket,embedding=1,server=y,suspend=n,address=127.0.0.1:56160
Begin MonoManager ReloadAssembly
Registering precompiled unity dll's ...
Register platform support module: C:/Program Files/Unity/Hub/Editor/2020.3.4f1/Editor/Data/PlaybackEngines/WindowsStandaloneSupport/UnityEditor.WindowsStandalone.Extensions.dll
Registered in 0.001455 seconds.
Native extension for WindowsStandalone target not found
Refreshing native plugins compatible for Editor in 32.39 ms, found 1 plugins.
Preloading 0 native plugins for Editor in 0.00 ms.
Mono: successfully reloaded assembly
- Completed reload, in  0.882 seconds
Platform modules already initialized, skipping
Registering precompiled user dll's ...
Registered in 0.000775 seconds.
Begin MonoManager ReloadAssembly
Native extension for WindowsStandalone target not found
Refreshing native plugins compatible for Editor in 31.68 ms, found 1 plugins.
Preloading 0 native plugins for Editor in 0.00 ms.
Mono: successfully reloaded assembly
- Completed reload, in  0.834 seconds
Platform modules already initialized, skipping
========================================================================
Worker process is ready to serve import requests
Launched and connected shader compiler UnityShaderCompiler.exe after 0.04 seconds
Refreshing native plugins compatible for Editor in 0.41 ms, found 1 plugins.
Preloading 0 native plugins for Editor in 0.00 ms.
Unloading 1808 Unused Serialized files (Serialized files now loaded: 0)
System memory in use before: 84.8 MB.
System memory in use after: 84.8 MB.

Unloading 24 unused Assets to reduce memory usage. Loaded Objects now: 2250.
Total: 2.068900 ms (FindLiveObjects: 0.256800 ms CreateObjectMapping: 0.151900 ms MarkObjects: 1.542200 ms  DeleteObjects: 0.116100 ms)

========================================================================
Received Import Request.
  path: Assets
  artifactKey: Guid(00000000000000001000000000000000) Importer(815301076,1909f56bfc062723c751e8b465ee728b)
Start importing Assets using Guid(00000000000000001000000000000000) Importer(815301076,1909f56bfc062723c751e8b465ee728b)  -> (artifact id: '025e4f587c23674256bb898581e82961') in 0.009125 seconds
  Import took 0.012456 seconds .

========================================================================
Received Import Request.
  Time since last request: 0.257522 seconds.
  path: Assets/Sprites
  artifactKey: Guid(3538b7d590af5c743b10260d9f782a43) Importer(815301076,1909f56bfc062723c751e8b465ee728b)
Start importing Assets/Sprites using Guid(3538b7d590af5c743b10260d9f782a43) Importer(815301076,1909f56bfc062723c751e8b465ee728b)  -> (artifact id: 'f4fe22631d3c66928f5324ec269e8eaf') in 0.007376 seconds
  Import took 0.011528 seconds .

========================================================================
Received Import Request.
  Time since last request: 0.000862 seconds.
  path: Assets/Sprites
  artifactKey: Guid(3538b7d590af5c743b10260d9f782a43) Importer(815301076,1909f56bfc062723c751e8b465ee728b)
Start importing Assets/Sprites using Guid(3538b7d590af5c743b10260d9f782a43) Importer(815301076,1909f56bfc062723c751e8b465ee728b)  -> (artifact id: 'f4fe22631d3c66928f5324ec269e8eaf') in 0.002678 seconds
  Import took 0.005892 seconds .

========================================================================
Received Import Request.
  Time since last request: 4.437808 seconds.
  path: Assets/Scripts
  artifactKey: Guid(2b17a3c37e4f68e429b39927060c3dc0) Importer(815301076,1909f56bfc062723c751e8b465ee728b)
Start importing Assets/Scripts using Guid(2b17a3c37e4f68e429b39927060c3dc0) Importer(815301076,1909f56bfc062723c751e8b465ee728b)  -> (artifact id: '0d9e1500799fb7ab06887f3992e5236c') in 0.006896 seconds
  Import took 0.010487 seconds .

========================================================================
Received Import Request.
  Time since last request: 0.000880 seconds.
  path: Assets/Scripts
  artifactKey: Guid(2b17a3c37e4f68e429b39927060c3dc0) Importer(815301076,1909f56bfc062723c751e8b465ee728b)
Start importing Assets/Scripts using Guid(2b17a3c37e4f68e429b39927060c3dc0) Importer(815301076,1909f56bfc062723c751e8b465ee728b)  -> (artifact id: '0d9e1500799fb7ab06887f3992e5236c') in 0.002171 seconds
  Import took 0.005540 seconds .

========================================================================
Received Import Request.
  Time since last request: 11.082251 seconds.
  path: Assets/Prefabs
  artifactKey: Guid(177fec41e7cea6f4f8cda3b472f2b02d) Importer(815301076,1909f56bfc062723c751e8b465ee728b)
Start importing Assets/Prefabs using Guid(177fec41e7cea6f4f8cda3b472f2b02d) Importer(815301076,1909f56bfc062723c751e8b465ee728b)  -> (artifact id: '63dd69a30ae879c149602ec5e74c6039') in 0.006721 seconds
  Import took 0.009793 seconds .

========================================================================
Received Import Request.
  Time since last request: 4.406870 seconds.
  path: Assets/Material
  artifactKey: Guid(5290bc4d55686954985849ca3e4ed07d) Importer(815301076,1909f56bfc062723c751e8b465ee728b)
Start importing Assets/Material using Guid(5290bc4d55686954985849ca3e4ed07d) Importer(815301076,1909f56bfc062723c751e8b465ee728b)  -> (artifact id: '61b7f69860016b9da9e6572872ae460d') in 0.007506 seconds
  Import took 0.010705 seconds .

========================================================================
Received Import Request.
  Time since last request: 0.000496 seconds.
  path: Assets/Material
  artifactKey: Guid(5290bc4d55686954985849ca3e4ed07d) Importer(815301076,1909f56bfc062723c751e8b465ee728b)
Start importing Assets/Material using Guid(5290bc4d55686954985849ca3e4ed07d) Importer(815301076,1909f56bfc062723c751e8b465ee728b)  -> (artifact id: '61b7f69860016b9da9e6572872ae460d') in 0.002035 seconds
  Import took 0.004773 seconds .

========================================================================
Received Import Request.
  Time since last request: 6.176767 seconds.
  path: Assets/Material/Bounce.physicsMaterial2D
  artifactKey: Guid(2fbe8f8ba6325834288404c1d6dd9ce4) Importer(815301076,1909f56bfc062723c751e8b465ee728b)
Start importing Assets/Material/Bounce.physicsMaterial2D using Guid(2fbe8f8ba6325834288404c1d6dd9ce4) Importer(815301076,1909f56bfc062723c751e8b465ee728b)  -> (artifact id: '60fa1f921d2add267126806bb9925b36') in 0.026424 seconds
  Import took 0.029347 seconds .

========================================================================
Received Prepare
Registering precompiled user dll's ...
Registered in 0.000845 seconds.
Begin MonoManager ReloadAssembly
Native extension for WindowsStandalone target not found
Refreshing native plugins compatible for Editor in 0.41 ms, found 1 plugins.
Preloading 0 native plugins for Editor in 0.00 ms.
Mono: successfully reloaded assembly
- Completed reload, in  0.828 seconds
Platform modules already initialized, skipping
Refreshing native plugins compatible for Editor in 0.76 ms, found 1 plugins.
Preloading 0 native plugins for Editor in 0.00 ms.
Unloading 1807 Unused Serialized files (Serialized files now loaded: 0)
System memory in use before: 84.9 MB.
System memory in use after: 84.8 MB.

Unloading 12 unused Assets to reduce memory usage. Loaded Objects now: 2258.
Total: 4.534300 ms (FindLiveObjects: 0.395300 ms CreateObjectMapping: 0.241500 ms MarkObjects: 3.699200 ms  DeleteObjects: 0.195500 ms)

========================================================================
Received Import Request.
  Time since last request: 32.482584 seconds.
  path: Assets/Scripts/Shooter_Controller.cs
  artifactKey: Guid(d52c7b19322f5a04eab93e6afeb2a9f6) Importer(815301076,1909f56bfc062723c751e8b465ee728b)
Start importing Assets/Scripts/Shooter_Controller.cs using Guid(d52c7b19322f5a04eab93e6afeb2a9f6) Importer(815301076,1909f56bfc062723c751e8b465ee728b)  -> (artifact id: 'eebb06d3015ec1a8c39de0960b75529a') in 0.013685 seconds
  Import took 0.019288 seconds .

========================================================================
Received Import Request.
  Time since last request: 10.997851 seconds.
  path: Assets/Sprites/Background.png
  artifactKey: Guid(d34757c3650fee044a555968a5526395) Importer(815301076,1909f56bfc062723c751e8b465ee728b)
Start importing Assets/Sprites/Background.png using Guid(d34757c3650fee044a555968a5526395) Importer(815301076,1909f56bfc062723c751e8b465ee728b)  -> (artifact id: 'fd1750519b34bab68f732292e5134117') in 0.106141 seconds
  Import took 0.110025 seconds .

========================================================================
Received Import Request.
  Time since last request: 0.000193 seconds.
  path: Assets/Sprites/Objects.png
  artifactKey: Guid(257000a7bc25ca241a01e0e9f7b243fe) Importer(815301076,1909f56bfc062723c751e8b465ee728b)
Start importing Assets/Sprites/Objects.png using Guid(257000a7bc25ca241a01e0e9f7b243fe) Importer(815301076,1909f56bfc062723c751e8b465ee728b)  -> (artifact id: 'd144b5858434113b2a6641daa74e9bbc') in 0.016772 seconds
  Import took 0.019709 seconds .

========================================================================
Received Import Request.
  Time since last request: 25.927724 seconds.
  path: Assets/Prefabs/Ball.prefab
  artifactKey: Guid(80cec88a5646f844286fa91c8061f184) Importer(815301076,1909f56bfc062723c751e8b465ee728b)
Start importing Assets/Prefabs/Ball.prefab using Guid(80cec88a5646f844286fa91c8061f184) Importer(815301076,1909f56bfc062723c751e8b465ee728b)  -> (artifact id: '14e410e3e594885e65308bde14ee590a') in 0.025406 seconds
  Import took 0.028638 seconds .

========================================================================
Received Import Request.
  Time since last request: 0.000204 seconds.
  path: Assets/Prefabs/Yellow Block.prefab
  artifactKey: Guid(8f1a3b3aab83ac24e8085f2fd5a25ce6) Importer(815301076,1909f56bfc062723c751e8b465ee728b)
Start importing Assets/Prefabs/Yellow Block.prefab using Guid(8f1a3b3aab83ac24e8085f2fd5a25ce6) Importer(815301076,1909f56bfc062723c751e8b465ee728b)  -> (artifact id: '2471868dfcc7a891f20e99fadfcd550d') in 0.006993 seconds
  Import took 0.009945 seconds .

========================================================================
Received Import Request.
  Time since last request: 0.000202 seconds.
  path: Assets/Prefabs/Red Block.prefab
  artifactKey: Guid(358341f7aee974248bc51406e9b1254e) Importer(815301076,1909f56bfc062723c751e8b465ee728b)
Start importing Assets/Prefabs/Red Block.prefab using Guid(358341f7aee974248bc51406e9b1254e) Importer(815301076,1909f56bfc062723c751e8b465ee728b)  -> (artifact id: '19f71a88ec4005aaae28ff8d2d84695b') in 0.008650 seconds
  Import took 0.012753 seconds .

========================================================================
Received Import Request.
  Time since last request: 0.000199 seconds.
  path: Assets/Prefabs/Shooter.prefab
  artifactKey: Guid(cc6cc9468d17671408078ce804e9a761) Importer(815301076,1909f56bfc062723c751e8b465ee728b)
Start importing Assets/Prefabs/Shooter.prefab using Guid(cc6cc9468d17671408078ce804e9a761) Importer(815301076,1909f56bfc062723c751e8b465ee728b)  -> (artifact id: 'b651e82aa4694ccdb76ab826fe8e5a00') in 0.008546 seconds
  Import took 0.013166 seconds .

========================================================================
Received Import Request.
  Time since last request: 0.000428 seconds.
  path: Assets/Prefabs/Purple Block.prefab
  artifactKey: Guid(84f1f598f203dc442adff28d71d9290c) Importer(815301076,1909f56bfc062723c751e8b465ee728b)
Start importing Assets/Prefabs/Purple Block.prefab using Guid(84f1f598f203dc442adff28d71d9290c) Importer(815301076,1909f56bfc062723c751e8b465ee728b)  -> (artifact id: '8b85309aaf66f34df1467cc236403003') in 0.008185 seconds
  Import took 0.012466 seconds .

========================================================================
Received Import Request.
  Time since last request: 0.000211 seconds.
  path: Assets/Prefabs/Green Block.prefab
  artifactKey: Guid(95c2fc497930a1d48a087351d7bd87b9) Importer(815301076,1909f56bfc062723c751e8b465ee728b)
Start importing Assets/Prefabs/Green Block.prefab using Guid(95c2fc497930a1d48a087351d7bd87b9) Importer(815301076,1909f56bfc062723c751e8b465ee728b)  -> (artifact id: 'ae317ca254fdd85799af9175f6c674e2') in 0.008836 seconds
  Import took 0.012949 seconds .

========================================================================
Received Import Request.
  Time since last request: 0.000211 seconds.
  path: Assets/Prefabs/Walls.prefab
  artifactKey: Guid(91b6a08b2a1f59749a2bd29afd30b665) Importer(815301076,1909f56bfc062723c751e8b465ee728b)
Start importing Assets/Prefabs/Walls.prefab using Guid(91b6a08b2a1f59749a2bd29afd30b665) Importer(815301076,1909f56bfc062723c751e8b465ee728b)  -> (artifact id: 'ab42149ab056e5c86f086c201d63acf2') in 0.008806 seconds
  Import took 0.012316 seconds .

========================================================================
Received Import Request.
  Time since last request: 0.000174 seconds.
  path: Assets/Prefabs/Blue Block.prefab
  artifactKey: Guid(17f49e17b89ac2c469b00e9c2f2e0de8) Importer(815301076,1909f56bfc062723c751e8b465ee728b)
Start importing Assets/Prefabs/Blue Block.prefab using Guid(17f49e17b89ac2c469b00e9c2f2e0de8) Importer(815301076,1909f56bfc062723c751e8b465ee728b)  -> (artifact id: 'e3f58630a6b945d71cc81849c77f1e48') in 0.008718 seconds
  Import took 0.012165 seconds .

========================================================================
Received Import Request.
  Time since last request: 0.000158 seconds.
  path: Assets/Prefabs/Orange Block.prefab
  artifactKey: Guid(1919849463789cc4dbdd225e0eccab8f) Importer(815301076,1909f56bfc062723c751e8b465ee728b)
Start importing Assets/Prefabs/Orange Block.prefab using Guid(1919849463789cc4dbdd225e0eccab8f) Importer(815301076,1909f56bfc062723c751e8b465ee728b)  -> (artifact id: '0fa1d66bc0bfb32666babfb66c1bf907') in 0.008948 seconds
  Import took 0.012181 seconds .

========================================================================
Received Import Request.
  Time since last request: 24.893964 seconds.
  path: Assets/Scenes
  artifactKey: Guid(18ccb04c3c2a00149aeca663bd1536c3) Importer(815301076,1909f56bfc062723c751e8b465ee728b)
Start importing Assets/Scenes using Guid(18ccb04c3c2a00149aeca663bd1536c3) Importer(815301076,1909f56bfc062723c751e8b465ee728b)  -> (artifact id: '9584c1edcb0afae05fbfb2199aa3304c') in 0.007025 seconds
  Import took 0.017459 seconds .

========================================================================
Received Import Request.
  Time since last request: 0.508428 seconds.
  path: Assets/Scenes/SampleScene.unity
  artifactKey: Guid(2cda990e2423bbf4892e6590ba056729) Importer(815301076,1909f56bfc062723c751e8b465ee728b)
Start importing Assets/Scenes/SampleScene.unity using Guid(2cda990e2423bbf4892e6590ba056729) Importer(815301076,1909f56bfc062723c751e8b465ee728b)  -> (artifact id: '55d65d5fff917f2d1ced4e7ecabd3689') in 0.007000 seconds
  Import took 0.018510 seconds .

========================================================================
Received Import Request.
  Time since last request: 4.146292 seconds.
  path: Assets/Scenes/Bolum_1.unity
  artifactKey: Guid(2cda990e2423bbf4892e6590ba056729) Importer(815301076,1909f56bfc062723c751e8b465ee728b)
Start importing Assets/Scenes/Bolum_1.unity using Guid(2cda990e2423bbf4892e6590ba056729) Importer(815301076,1909f56bfc062723c751e8b465ee728b)  -> (artifact id: 'af7482348041d61f5bd94c8315d911aa') in 0.006682 seconds
  Import took 0.009575 seconds .

========================================================================
Received Import Request.
  Time since last request: 17.276471 seconds.
  path: ProjectSettings/TagManager.asset
  artifactKey: Guid(00000000000000003000000000000000) Importer(815301076,1909f56bfc062723c751e8b465ee728b)
Start importing ProjectSettings/TagManager.asset using Guid(00000000000000003000000000000000) Importer(815301076,1909f56bfc062723c751e8b465ee728b)  -> (artifact id: '412dcb57b31f49cb50955ec4e4cd9f98') in 0.008165 seconds
  Import took 0.011225 seconds .

========================================================================
Received Import Request.
  Time since last request: 80.328278 seconds.
  path: Assets/Sprites/Objects.png
  artifactKey: Guid(257000a7bc25ca241a01e0e9f7b243fe) Importer(815301076,1909f56bfc062723c751e8b465ee728b)
Start importing Assets/Sprites/Objects.png using Guid(257000a7bc25ca241a01e0e9f7b243fe) Importer(815301076,1909f56bfc062723c751e8b465ee728b)  -> (artifact id: '2aea89ebae0039c014477ba077340d59') in 0.015976 seconds
  Import took 0.019437 seconds .

========================================================================
Received Import Request.
  Time since last request: 2.690378 seconds.
  path: Assets/Sprites/Objects.png
  artifactKey: Guid(257000a7bc25ca241a01e0e9f7b243fe) Importer(815301076,1909f56bfc062723c751e8b465ee728b)
Start importing Assets/Sprites/Objects.png using Guid(257000a7bc25ca241a01e0e9f7b243fe) Importer(815301076,1909f56bfc062723c751e8b465ee728b)  -> (artifact id: 'cc186ec669ad68fa23fca5b68c4554b5') in 0.014121 seconds
  Import took 0.018642 seconds .

========================================================================
Received Import Request.
  Time since last request: 3.103838 seconds.
  path: Assets/Sprites/Objects.png
  artifactKey: Guid(257000a7bc25ca241a01e0e9f7b243fe) Importer(815301076,1909f56bfc062723c751e8b465ee728b)
Start importing Assets/Sprites/Objects.png using Guid(257000a7bc25ca241a01e0e9f7b243fe) Importer(815301076,1909f56bfc062723c751e8b465ee728b)  -> (artifact id: '0de50843f431bbdb3c94d1db800dff1a') in 0.041455 seconds
  Import took 0.044799 seconds .

========================================================================
Received Import Request.
  Time since last request: 94.737167 seconds.
  path: Assets/Prefabs/Blue Block.prefab
  artifactKey: Guid(17f49e17b89ac2c469b00e9c2f2e0de8) Importer(815301076,1909f56bfc062723c751e8b465ee728b)
Start importing Assets/Prefabs/Blue Block.prefab using Guid(17f49e17b89ac2c469b00e9c2f2e0de8) Importer(815301076,1909f56bfc062723c751e8b465ee728b)  -> (artifact id: 'cff16855731613da27b6c3e9af968e2b') in 0.031165 seconds
  Import took 0.034747 seconds .

========================================================================
Received Import Request.
  Time since last request: 0.003556 seconds.
  path: Assets/Prefabs/Blue Block.prefab
  artifactKey: Guid(17f49e17b89ac2c469b00e9c2f2e0de8) Importer(815301076,1909f56bfc062723c751e8b465ee728b)
Start importing Assets/Prefabs/Blue Block.prefab using Guid(17f49e17b89ac2c469b00e9c2f2e0de8) Importer(815301076,1909f56bfc062723c751e8b465ee728b)  -> (artifact id: 'cff16855731613da27b6c3e9af968e2b') in 0.009097 seconds
  Import took 0.012492 seconds .

========================================================================
Received Import Request.
  Time since last request: 1.117595 seconds.
  path: Assets/Prefabs/Red Block.prefab
  artifactKey: Guid(358341f7aee974248bc51406e9b1254e) Importer(815301076,1909f56bfc062723c751e8b465ee728b)
Start importing Assets/Prefabs/Red Block.prefab using Guid(358341f7aee974248bc51406e9b1254e) Importer(815301076,1909f56bfc062723c751e8b465ee728b)  -> (artifact id: '640324a4f38b3bc1ef7e436789518e06') in 0.011536 seconds
  Import took 0.014534 seconds .

========================================================================
Received Import Request.
  Time since last request: 1.816487 seconds.
  path: Assets/Prefabs/Purple Block.prefab
  artifactKey: Guid(84f1f598f203dc442adff28d71d9290c) Importer(815301076,1909f56bfc062723c751e8b465ee728b)
Start importing Assets/Prefabs/Purple Block.prefab using Guid(84f1f598f203dc442adff28d71d9290c) Importer(815301076,1909f56bfc062723c751e8b465ee728b)  -> (artifact id: '947e5cfeed07b682863e4c6e96b0c7ef') in 0.011638 seconds
  Import took 0.014773 seconds .

========================================================================
Received Import Request.
  Time since last request: 1.449614 seconds.
  path: Assets/Prefabs/Yellow Block.prefab
  artifactKey: Guid(8f1a3b3aab83ac24e8085f2fd5a25ce6) Importer(815301076,1909f56bfc062723c751e8b465ee728b)
Start importing Assets/Prefabs/Yellow Block.prefab using Guid(8f1a3b3aab83ac24e8085f2fd5a25ce6) Importer(815301076,1909f56bfc062723c751e8b465ee728b)  -> (artifact id: 'bab9774478bfd31ba611061abd8ddafd') in 0.013766 seconds
  Import took 0.016756 seconds .

========================================================================
Received Import Request.
  Time since last request: 1.111334 seconds.
  path: Assets/Prefabs/Orange Block.prefab
  artifactKey: Guid(1919849463789cc4dbdd225e0eccab8f) Importer(815301076,1909f56bfc062723c751e8b465ee728b)
Start importing Assets/Prefabs/Orange Block.prefab using Guid(1919849463789cc4dbdd225e0eccab8f) Importer(815301076,1909f56bfc062723c751e8b465ee728b)  -> (artifact id: '839e7ba04f1573153a92463cdfdaebdb') in 0.014244 seconds
  Import took 0.018059 seconds .

========================================================================
Received Import Request.
  Time since last request: 1.163831 seconds.
  path: Assets/Prefabs/Green Block.prefab
  artifactKey: Guid(95c2fc497930a1d48a087351d7bd87b9) Importer(815301076,1909f56bfc062723c751e8b465ee728b)
Start importing Assets/Prefabs/Green Block.prefab using Guid(95c2fc497930a1d48a087351d7bd87b9) Importer(815301076,1909f56bfc062723c751e8b465ee728b)  -> (artifact id: '49b793e485045e56d543f43694f8d613') in 0.010902 seconds
  Import took 0.014215 seconds .

========================================================================
Received Import Request.
  Time since last request: 11.994855 seconds.
  path: Assets/Prefabs/Blue Block.prefab
  artifactKey: Guid(17f49e17b89ac2c469b00e9c2f2e0de8) Importer(815301076,1909f56bfc062723c751e8b465ee728b)
Start importing Assets/Prefabs/Blue Block.prefab using Guid(17f49e17b89ac2c469b00e9c2f2e0de8) Importer(815301076,1909f56bfc062723c751e8b465ee728b)  -> (artifact id: '385d87edacde51280292a40eb7557a35') in 0.015014 seconds
  Import took 0.018730 seconds .

========================================================================
Received Import Request.
  Time since last request: 0.000190 seconds.
  path: Assets/Prefabs/Yellow Block.prefab
  artifactKey: Guid(8f1a3b3aab83ac24e8085f2fd5a25ce6) Importer(815301076,1909f56bfc062723c751e8b465ee728b)
Start importing Assets/Prefabs/Yellow Block.prefab using Guid(8f1a3b3aab83ac24e8085f2fd5a25ce6) Importer(815301076,1909f56bfc062723c751e8b465ee728b)  -> (artifact id: 'cfb39fa2f5e53c4fd0f1371c8697382d') in 0.015777 seconds
  Import took 0.019151 seconds .

========================================================================
Received Import Request.
  Time since last request: 0.000225 seconds.
  path: Assets/Prefabs/Red Block.prefab
  artifactKey: Guid(358341f7aee974248bc51406e9b1254e) Importer(815301076,1909f56bfc062723c751e8b465ee728b)
Start importing Assets/Prefabs/Red Block.prefab using Guid(358341f7aee974248bc51406e9b1254e) Importer(815301076,1909f56bfc062723c751e8b465ee728b)  -> (artifact id: '757745e9f4d4a3fcbef93e6cfc470fdf') in 0.013682 seconds
  Import took 0.017073 seconds .

========================================================================
Received Import Request.
  Time since last request: 0.000337 seconds.
  path: Assets/Prefabs/Purple Block.prefab
  artifactKey: Guid(84f1f598f203dc442adff28d71d9290c) Importer(815301076,1909f56bfc062723c751e8b465ee728b)
Start importing Assets/Prefabs/Purple Block.prefab using Guid(84f1f598f203dc442adff28d71d9290c) Importer(815301076,1909f56bfc062723c751e8b465ee728b)  -> (artifact id: '62cac68e896af90d346bbf362ee3816e') in 0.011785 seconds
  Import took 0.016030 seconds .

========================================================================
Received Import Request.
  Time since last request: 0.000191 seconds.
  path: Assets/Prefabs/Green Block.prefab
  artifactKey: Guid(95c2fc497930a1d48a087351d7bd87b9) Importer(815301076,1909f56bfc062723c751e8b465ee728b)
Start importing Assets/Prefabs/Green Block.prefab using Guid(95c2fc497930a1d48a087351d7bd87b9) Importer(815301076,1909f56bfc062723c751e8b465ee728b)  -> (artifact id: '1cdeefbdf3f3c8d194800d90308e5e8a') in 0.010612 seconds
  Import took 0.013813 seconds .

========================================================================
Received Import Request.
  Time since last request: 0.000250 seconds.
  path: Assets/Prefabs/Orange Block.prefab
  artifactKey: Guid(1919849463789cc4dbdd225e0eccab8f) Importer(815301076,1909f56bfc062723c751e8b465ee728b)
Start importing Assets/Prefabs/Orange Block.prefab using Guid(1919849463789cc4dbdd225e0eccab8f) Importer(815301076,1909f56bfc062723c751e8b465ee728b)  -> (artifact id: 'd93d2c7336a4bb03ea34f6e2bc4c7854') in 0.011987 seconds
  Import took 0.015059 seconds .

========================================================================
Received Import Request.
  Time since last request: 1.921990 seconds.
  path: Assets/Prefabs/Blue Block.prefab
  artifactKey: Guid(17f49e17b89ac2c469b00e9c2f2e0de8) Importer(815301076,1909f56bfc062723c751e8b465ee728b)
Start importing Assets/Prefabs/Blue Block.prefab using Guid(17f49e17b89ac2c469b00e9c2f2e0de8) Importer(815301076,1909f56bfc062723c751e8b465ee728b)  -> (artifact id: '91d24e72eff5fe7ea2e1b919dae31aab') in 0.011384 seconds
  Import took 0.014480 seconds .

========================================================================
Received Import Request.
  Time since last request: 0.000192 seconds.
  path: Assets/Prefabs/Yellow Block.prefab
  artifactKey: Guid(8f1a3b3aab83ac24e8085f2fd5a25ce6) Importer(815301076,1909f56bfc062723c751e8b465ee728b)
Start importing Assets/Prefabs/Yellow Block.prefab using Guid(8f1a3b3aab83ac24e8085f2fd5a25ce6) Importer(815301076,1909f56bfc062723c751e8b465ee728b)  -> (artifact id: 'e66b3184bd4e0d616f02323bf4528796') in 0.011743 seconds
  Import took 0.014956 seconds .

========================================================================
Received Import Request.
  Time since last request: 0.000157 seconds.
  path: Assets/Prefabs/Red Block.prefab
  artifactKey: Guid(358341f7aee974248bc51406e9b1254e) Importer(815301076,1909f56bfc062723c751e8b465ee728b)
Start importing Assets/Prefabs/Red Block.prefab using Guid(358341f7aee974248bc51406e9b1254e) Importer(815301076,1909f56bfc062723c751e8b465ee728b)  -> (artifact id: '546eba2e8913be93ff12ed5944d67fc5') in 0.011318 seconds
  Import took 0.014226 seconds .

========================================================================
Received Import Request.
  Time since last request: 0.000176 seconds.
  path: Assets/Prefabs/Purple Block.prefab
  artifactKey: Guid(84f1f598f203dc442adff28d71d9290c) Importer(815301076,1909f56bfc062723c751e8b465ee728b)
Start importing Assets/Prefabs/Purple Block.prefab using Guid(84f1f598f203dc442adff28d71d9290c) Importer(815301076,1909f56bfc062723c751e8b465ee728b)  -> (artifact id: '7ed165fba9293db2c3349917ab55ce15') in 0.013046 seconds
  Import took 0.016441 seconds .

========================================================================
Received Import Request.
  Time since last request: 0.000191 seconds.
  path: Assets/Prefabs/Green Block.prefab
  artifactKey: Guid(95c2fc497930a1d48a087351d7bd87b9) Importer(815301076,1909f56bfc062723c751e8b465ee728b)
Start importing Assets/Prefabs/Green Block.prefab using Guid(95c2fc497930a1d48a087351d7bd87b9) Importer(815301076,1909f56bfc062723c751e8b465ee728b)  -> (artifact id: '7ab7c413ea15c74aa840ab3a474c0ff0') in 0.011213 seconds
  Import took 0.014188 seconds .

========================================================================
Received Import Request.
  Time since last request: 0.000211 seconds.
  path: Assets/Prefabs/Orange Block.prefab
  artifactKey: Guid(1919849463789cc4dbdd225e0eccab8f) Importer(815301076,1909f56bfc062723c751e8b465ee728b)
Start importing Assets/Prefabs/Orange Block.prefab using Guid(1919849463789cc4dbdd225e0eccab8f) Importer(815301076,1909f56bfc062723c751e8b465ee728b)  -> (artifact id: 'dc64e2cbeee9759e9455859dbf2da0ad') in 0.011255 seconds
  Import took 0.014838 seconds .

========================================================================
Received Import Request.
  Time since last request: 61.115837 seconds.
  path: Assets/Prefabs/Ball.prefab
  artifactKey: Guid(80cec88a5646f844286fa91c8061f184) Importer(815301076,1909f56bfc062723c751e8b465ee728b)
Start importing Assets/Prefabs/Ball.prefab using Guid(80cec88a5646f844286fa91c8061f184) Importer(815301076,1909f56bfc062723c751e8b465ee728b)  -> (artifact id: '2ff9cbf53df8227524ee09d22f21e0e0') in 0.012540 seconds
  Import took 0.015615 seconds .

========================================================================
Received Import Request.
  Time since last request: 1.080475 seconds.
  path: Assets/Prefabs/Shooter.prefab
  artifactKey: Guid(cc6cc9468d17671408078ce804e9a761) Importer(815301076,1909f56bfc062723c751e8b465ee728b)
Start importing Assets/Prefabs/Shooter.prefab using Guid(cc6cc9468d17671408078ce804e9a761) Importer(815301076,1909f56bfc062723c751e8b465ee728b)  -> (artifact id: 'c22f734c9284e764b35af2da407add1e') in 0.010017 seconds
  Import took 0.013035 seconds .

========================================================================
Received Prepare
Registering precompiled user dll's ...
Registered in 0.000771 seconds.
Begin MonoManager ReloadAssembly
Native extension for WindowsStandalone target not found
Refreshing native plugins compatible for Editor in 0.35 ms, found 1 plugins.
Preloading 0 native plugins for Editor in 0.00 ms.
Mono: successfully reloaded assembly
- Completed reload, in  0.754 seconds
Platform modules already initialized, skipping
Refreshing native plugins compatible for Editor in 0.32 ms, found 1 plugins.
Preloading 0 native plugins for Editor in 0.00 ms.
Unloading 1807 Unused Serialized files (Serialized files now loaded: 0)
System memory in use before: 88.1 MB.
System memory in use after: 88.1 MB.

Unloading 13 unused Assets to reduce memory usage. Loaded Objects now: 2279.
Total: 2.091700 ms (FindLiveObjects: 0.175200 ms CreateObjectMapping: 0.066400 ms MarkObjects: 1.757800 ms  DeleteObjects: 0.091500 ms)

========================================================================
Received Prepare
Registering precompiled user dll's ...
Registered in 0.000797 seconds.
Begin MonoManager ReloadAssembly
Native extension for WindowsStandalone target not found
Refreshing native plugins compatible for Editor in 0.65 ms, found 1 plugins.
Preloading 0 native plugins for Editor in 0.00 ms.
Mono: successfully reloaded assembly
- Completed reload, in  1.056 seconds
Platform modules already initialized, skipping
Refreshing native plugins compatible for Editor in 0.42 ms, found 1 plugins.
Preloading 0 native plugins for Editor in 0.00 ms.
Unloading 1807 Unused Serialized files (Serialized files now loaded: 0)
System memory in use before: 88.1 MB.
System memory in use after: 88.1 MB.

Unloading 12 unused Assets to reduce memory usage. Loaded Objects now: 2283.
Total: 5.413800 ms (FindLiveObjects: 0.808600 ms CreateObjectMapping: 0.545000 ms MarkObjects: 3.913900 ms  DeleteObjects: 0.142000 ms)

========================================================================
Received Import Request.
  Time since last request: 36.405355 seconds.
  path: Assets/Prefabs/Ball.prefab
  artifactKey: Guid(80cec88a5646f844286fa91c8061f184) Importer(815301076,1909f56bfc062723c751e8b465ee728b)
Start importing Assets/Prefabs/Ball.prefab using Guid(80cec88a5646f844286fa91c8061f184) Importer(815301076,1909f56bfc062723c751e8b465ee728b)  -> (artifact id: 'b0e72cfc56850946d49f0adf6be47dd9') in 0.062653 seconds
  Import took 0.067520 seconds .

========================================================================
Received Import Request.
  Time since last request: 6.286493 seconds.
  path: Assets/Material/Bounce.physicsMaterial2D
  artifactKey: Guid(2fbe8f8ba6325834288404c1d6dd9ce4) Importer(815301076,1909f56bfc062723c751e8b465ee728b)
Start importing Assets/Material/Bounce.physicsMaterial2D using Guid(2fbe8f8ba6325834288404c1d6dd9ce4) Importer(815301076,1909f56bfc062723c751e8b465ee728b)  -> (artifact id: 'a27fe13c98fe45ba7c2ed4b3e53bb995') in 0.002166 seconds
  Import took 0.005057 seconds .

========================================================================
Received Prepare
Registering precompiled user dll's ...
Registered in 0.000774 seconds.
Begin MonoManager ReloadAssembly
Native extension for WindowsStandalone target not found
Refreshing native plugins compatible for Editor in 0.33 ms, found 1 plugins.
Preloading 0 native plugins for Editor in 0.00 ms.
Mono: successfully reloaded assembly
- Completed reload, in  0.759 seconds
Platform modules already initialized, skipping
Refreshing native plugins compatible for Editor in 0.32 ms, found 1 plugins.
Preloading 0 native plugins for Editor in 0.00 ms.
Unloading 1807 Unused Serialized files (Serialized files now loaded: 0)
System memory in use before: 88.2 MB.
System memory in use after: 88.1 MB.

Unloading 12 unused Assets to reduce memory usage. Loaded Objects now: 2288.
Total: 1.847200 ms (FindLiveObjects: 0.196700 ms CreateObjectMapping: 0.076000 ms MarkObjects: 1.480100 ms  DeleteObjects: 0.093600 ms)

========================================================================
Received Prepare
Registering precompiled user dll's ...
Registered in 0.001299 seconds.
Begin MonoManager ReloadAssembly
Native extension for WindowsStandalone target not found
Refreshing native plugins compatible for Editor in 0.48 ms, found 1 plugins.
Preloading 0 native plugins for Editor in 0.00 ms.
Mono: successfully reloaded assembly
- Completed reload, in  1.067 seconds
Platform modules already initialized, skipping
Refreshing native plugins compatible for Editor in 0.54 ms, found 1 plugins.
Preloading 0 native plugins for Editor in 0.00 ms.
Unloading 1807 Unused Serialized files (Serialized files now loaded: 0)
System memory in use before: 88.2 MB.
System memory in use after: 88.1 MB.

Unloading 12 unused Assets to reduce memory usage. Loaded Objects now: 2292.
Total: 3.100700 ms (FindLiveObjects: 0.464000 ms CreateObjectMapping: 0.147100 ms MarkObjects: 2.357800 ms  DeleteObjects: 0.128800 ms)

========================================================================
Received Import Request.
  Time since last request: 41.757302 seconds.
  path: Assets/Scenes/Bolum_1.unity
  artifactKey: Guid(2cda990e2423bbf4892e6590ba056729) Importer(815301076,1909f56bfc062723c751e8b465ee728b)
Start importing Assets/Scenes/Bolum_1.unity using Guid(2cda990e2423bbf4892e6590ba056729) Importer(815301076,1909f56bfc062723c751e8b465ee728b)  -> (artifact id: '496d6f4f774b118c143c1e3f13508c94') in 0.011632 seconds
  Import took 0.015431 seconds .

========================================================================
Received Prepare
Registering precompiled user dll's ...
Registered in 0.000796 seconds.
Begin MonoManager ReloadAssembly
Native extension for WindowsStandalone target not found
Refreshing native plugins compatible for Editor in 0.33 ms, found 1 plugins.
Preloading 0 native plugins for Editor in 0.00 ms.
Mono: successfully reloaded assembly
- Completed reload, in  0.757 seconds
Platform modules already initialized, skipping
Refreshing native plugins compatible for Editor in 0.32 ms, found 1 plugins.
Preloading 0 native plugins for Editor in 0.00 ms.
Unloading 1807 Unused Serialized files (Serialized files now loaded: 0)
System memory in use before: 88.2 MB.
System memory in use after: 88.2 MB.

Unloading 12 unused Assets to reduce memory usage. Loaded Objects now: 2296.
Total: 2.126000 ms (FindLiveObjects: 0.191200 ms CreateObjectMapping: 0.066000 ms MarkObjects: 1.769400 ms  DeleteObjects: 0.098300 ms)

========================================================================
Received Import Request.
  Time since last request: 2.654931 seconds.
  path: Assets/Scenes/Bolum_1.unity
  artifactKey: Guid(2cda990e2423bbf4892e6590ba056729) Importer(815301076,1909f56bfc062723c751e8b465ee728b)
Start importing Assets/Scenes/Bolum_1.unity using Guid(2cda990e2423bbf4892e6590ba056729) Importer(815301076,1909f56bfc062723c751e8b465ee728b)  -> (artifact id: 'bc26170d5dfb9f6de0b925e30f4ddef8') in 0.009410 seconds
  Import took 0.012037 seconds .

========================================================================
Received Import Request.
  Time since last request: 6.533807 seconds.
  path: Assets/Scenes/Bolum_2.unity
  artifactKey: Guid(b1d5552bf477249469e8575aac1fa2b5) Importer(815301076,1909f56bfc062723c751e8b465ee728b)
Start importing Assets/Scenes/Bolum_2.unity using Guid(b1d5552bf477249469e8575aac1fa2b5) Importer(815301076,1909f56bfc062723c751e8b465ee728b)  -> (artifact id: '66e1779be544d45e5ed48c57d9fdb021') in 0.007349 seconds
  Import took 0.010436 seconds .

========================================================================
Received Import Request.
  Time since last request: 7.886387 seconds.
  path: Assets/Prefabs/Ball.prefab
  artifactKey: Guid(80cec88a5646f844286fa91c8061f184) Importer(815301076,1909f56bfc062723c751e8b465ee728b)
Start importing Assets/Prefabs/Ball.prefab using Guid(80cec88a5646f844286fa91c8061f184) Importer(815301076,1909f56bfc062723c751e8b465ee728b)  -> (artifact id: '540a4b3ebbecaa146d10897386ed4c89') in 0.043394 seconds
  Import took 0.046277 seconds .

========================================================================
Received Prepare
Registering precompiled user dll's ...
Registered in 0.000805 seconds.
Begin MonoManager ReloadAssembly
Native extension for WindowsStandalone target not found
Refreshing native plugins compatible for Editor in 0.32 ms, found 1 plugins.
Preloading 0 native plugins for Editor in 0.00 ms.
Mono: successfully reloaded assembly
- Completed reload, in  0.769 seconds
Platform modules already initialized, skipping
Refreshing native plugins compatible for Editor in 0.46 ms, found 1 plugins.
Preloading 0 native plugins for Editor in 0.00 ms.
Unloading 1807 Unused Serialized files (Serialized files now loaded: 0)
System memory in use before: 88.2 MB.
System memory in use after: 88.2 MB.

Unloading 12 unused Assets to reduce memory usage. Loaded Objects now: 2301.
Total: 5.757400 ms (FindLiveObjects: 0.440400 ms CreateObjectMapping: 0.120200 ms MarkObjects: 4.952400 ms  DeleteObjects: 0.242600 ms)

========================================================================
Received Import Request.
  Time since last request: 16.807861 seconds.
  path: Assets/Scenes/Bolum_1.unity
  artifactKey: Guid(2cda990e2423bbf4892e6590ba056729) Importer(815301076,1909f56bfc062723c751e8b465ee728b)
Start importing Assets/Scenes/Bolum_1.unity using Guid(2cda990e2423bbf4892e6590ba056729) Importer(815301076,1909f56bfc062723c751e8b465ee728b)  -> (artifact id: '062fb8edeb695ab882421e2ce87dda0e') in 0.008793 seconds
  Import took 0.011436 seconds .

========================================================================
Received Prepare
Registering precompiled user dll's ...
Registered in 0.000849 seconds.
Begin MonoManager ReloadAssembly
Native extension for WindowsStandalone target not found
Refreshing native plugins compatible for Editor in 0.32 ms, found 1 plugins.
Preloading 0 native plugins for Editor in 0.00 ms.
Mono: successfully reloaded assembly
- Completed reload, in  0.772 seconds
Platform modules already initialized, skipping
Refreshing native plugins compatible for Editor in 0.32 ms, found 1 plugins.
Preloading 0 native plugins for Editor in 0.00 ms.
Unloading 1807 Unused Serialized files (Serialized files now loaded: 0)
System memory in use before: 88.2 MB.
System memory in use after: 88.2 MB.

Unloading 12 unused Assets to reduce memory usage. Loaded Objects now: 2305.
Total: 1.775600 ms (FindLiveObjects: 0.172300 ms CreateObjectMapping: 0.065300 ms MarkObjects: 1.446300 ms  DeleteObjects: 0.091100 ms)

========================================================================
Received Import Request.
  Time since last request: 87.313866 seconds.
  path: Assets/Scenes/Bolum_1.unity
  artifactKey: Guid(2cda990e2423bbf4892e6590ba056729) Importer(815301076,1909f56bfc062723c751e8b465ee728b)
Start importing Assets/Scenes/Bolum_1.unity using Guid(2cda990e2423bbf4892e6590ba056729) Importer(815301076,1909f56bfc062723c751e8b465ee728b)  -> (artifact id: 'b83e44e77091b5636826dc673b64907a') in 0.008533 seconds
  Import took 0.011154 seconds .

========================================================================
Received Prepare
Registering precompiled user dll's ...
Registered in 0.000775 seconds.
Begin MonoManager ReloadAssembly
Native extension for WindowsStandalone target not found
Refreshing native plugins compatible for Editor in 0.34 ms, found 1 plugins.
Preloading 0 native plugins for Editor in 0.00 ms.
Mono: successfully reloaded assembly
- Completed reload, in  0.757 seconds
Platform modules already initialized, skipping
Refreshing native plugins compatible for Editor in 0.32 ms, found 1 plugins.
Preloading 0 native plugins for Editor in 0.00 ms.
Unloading 1807 Unused Serialized files (Serialized files now loaded: 0)
System memory in use before: 88.2 MB.
System memory in use after: 88.2 MB.

Unloading 12 unused Assets to reduce memory usage. Loaded Objects now: 2309.
Total: 2.083800 ms (FindLiveObjects: 0.187500 ms CreateObjectMapping: 0.067100 ms MarkObjects: 1.728700 ms  DeleteObjects: 0.099200 ms)

========================================================================
Received Prepare
Registering precompiled user dll's ...
Registered in 0.000773 seconds.
Begin MonoManager ReloadAssembly
Native extension for WindowsStandalone target not found
Refreshing native plugins compatible for Editor in 0.34 ms, found 1 plugins.
Preloading 0 native plugins for Editor in 0.00 ms.
Mono: successfully reloaded assembly
- Completed reload, in  0.777 seconds
Platform modules already initialized, skipping
Refreshing native plugins compatible for Editor in 0.46 ms, found 1 plugins.
Preloading 0 native plugins for Editor in 0.00 ms.
Unloading 1807 Unused Serialized files (Serialized files now loaded: 0)
System memory in use before: 88.2 MB.
System memory in use after: 88.2 MB.

Unloading 12 unused Assets to reduce memory usage. Loaded Objects now: 2313.
Total: 1.797700 ms (FindLiveObjects: 0.210200 ms CreateObjectMapping: 0.081600 ms MarkObjects: 1.412100 ms  DeleteObjects: 0.092900 ms)

========================================================================
Received Prepare
Registering precompiled user dll's ...
Registered in 0.000783 seconds.
Begin MonoManager ReloadAssembly
Native extension for WindowsStandalone target not found
Refreshing native plugins compatible for Editor in 0.32 ms, found 1 plugins.
Preloading 0 native plugins for Editor in 0.00 ms.
Mono: successfully reloaded assembly
- Completed reload, in  0.763 seconds
Platform modules already initialized, skipping
Refreshing native plugins compatible for Editor in 0.32 ms, found 1 plugins.
Preloading 0 native plugins for Editor in 0.00 ms.
Unloading 1807 Unused Serialized files (Serialized files now loaded: 0)
System memory in use before: 88.3 MB.
System memory in use after: 88.2 MB.

Unloading 12 unused Assets to reduce memory usage. Loaded Objects now: 2317.
Total: 1.809700 ms (FindLiveObjects: 0.189500 ms CreateObjectMapping: 0.062600 ms MarkObjects: 1.443400 ms  DeleteObjects: 0.113000 ms)

========================================================================
Received Import Request.
  Time since last request: 171.665890 seconds.
  path: Assets/Scenes/Bolum_2.unity
  artifactKey: Guid(b1d5552bf477249469e8575aac1fa2b5) Importer(815301076,1909f56bfc062723c751e8b465ee728b)
Start importing Assets/Scenes/Bolum_2.unity using Guid(b1d5552bf477249469e8575aac1fa2b5) Importer(815301076,1909f56bfc062723c751e8b465ee728b)  -> (artifact id: '94c80d477f6b51805d4d18b68203005c') in 0.009423 seconds
  Import took 0.012060 seconds .

AssetImportWorkerClient::OnTransportError - code=2 error=End of file
